app/build/intermediates/manifest_merge_blame_file/debug/manifest-merger-blame-debug-report.txt
1<?xml version="1.0" encoding="utf-8"?>
2<manifest xmlns:android="http://schemas.android.com/apk/res/android"
3    package="net.devx1.expensemanager"
4    android:versionCode="1"
5    android:versionName="1.0" >
6
7    <uses-sdk
8        android:minSdkVersion="21"
8-->src\main\AndroidManifest.xml
9        android:targetSdkVersion="29" />
9-->src\main\AndroidManifest.xml
10
11    <uses-permission android:name="android.permission.INTERNET" />
11-->[com.google.firebase:firebase-auth:20.0.1] AndroidManifest.xml:23:5-67
11-->[com.google.firebase:firebase-auth:20.0.1] AndroidManifest.xml:23:22-64
12    <uses-permission android:name="android.permission.ACCESS_NETWORK_STATE" />
12-->[com.google.firebase:firebase-auth:20.0.1] AndroidManifest.xml:24:5-79
12-->[com.google.firebase:firebase-auth:20.0.1] AndroidManifest.xml:24:22-76
13
14    <application
14-->src\main\AndroidManifest.xml:5:5-38:19
15        android:allowBackup="false"
15-->src\main\AndroidManifest.xml:6:9-36
16        android:appComponentFactory="androidx.core.app.CoreComponentFactory"
16-->[androidx.core:core:1.1.0] AndroidManifest.xml:24:18-86
17        android:debuggable="true"
18        android:icon="@mipmap/ic_launcher"
18-->src\main\AndroidManifest.xml:7:9-43
19        android:label="@string/app_name"
19-->src\main\AndroidManifest.xml:8:9-41
20        android:roundIcon="@mipmap/ic_launcher_round"
20-->src\main\AndroidManifest.xml:9:9-54
21        android:supportsRtl="true"
21-->src\main\AndroidManifest.xml:10:9-35
22        android:testOnly="true"
23        android:theme="@style/AppTheme" >
23-->src\main\AndroidManifest.xml:11:9-40
24        <activity android:name="com.asad.i170312.view.DeleteExpenseActivity" />
24-->src\main\AndroidManifest.xml:12:9-80
24-->src\main\AndroidManifest.xml:12:19-77
25        <activity
25-->src\main\AndroidManifest.xml:13:9-15:55
26            android:name="com.asad.i170312.view.EditExpenseActivity"
26-->src\main\AndroidManifest.xml:14:13-69
27            android:windowSoftInputMode="adjustPan" />
27-->src\main\AndroidManifest.xml:15:13-52
28        <activity android:name="com.asad.i170312.view.ShowAllExpensesActivity" />
28-->src\main\AndroidManifest.xml:16:9-82
28-->src\main\AndroidManifest.xml:16:19-79
29        <activity android:name="com.asad.i170312.view.AddExpenseActivity" />
29-->src\main\AndroidManifest.xml:17:9-77
29-->src\main\AndroidManifest.xml:17:19-74
30        <activity android:name="com.asad.i170312.view.MainActivity" >
30-->src\main\AndroidManifest.xml:18:9-19:20
30-->src\main\AndroidManifest.xml:18:19-52
31        </activity>
32        <activity android:name="com.asad.i170312.view.LoginActivity" >
32-->src\main\AndroidManifest.xml:20:9-26:20
32-->src\main\AndroidManifest.xml:20:19-53
33            <intent-filter>
33-->src\main\AndroidManifest.xml:21:13-25:29
34                <action android:name="android.intent.action.MAIN" />
34-->src\main\AndroidManifest.xml:22:17-69
34-->src\main\AndroidManifest.xml:22:25-66
35
36                <category android:name="android.intent.category.LAUNCHER" />
36-->src\main\AndroidManifest.xml:24:17-77
36-->src\main\AndroidManifest.xml:24:27-74
37            </intent-filter>
38        </activity>
39        <activity android:name="com.asad.i170312.view.SignupActivity" />
39-->src\main\AndroidManifest.xml:28:9-57
39-->src\main\AndroidManifest.xml:28:19-54
40        <activity android:name="com.asad.i170312.view.ResetPasswordActivity" />
40-->src\main\AndroidManifest.xml:29:9-64
40-->src\main\AndroidManifest.xml:29:19-61
41        <activity android:name="com.asad.i170312.view.DashboardActivity" >
41-->src\main\AndroidManifest.xml:31:9-37:20
41-->src\main\AndroidManifest.xml:31:19-73
42
43            <!-- <intent-filter> -->
44            <!-- <action android:name="android.intent.action.MAIN" /> -->
45
46
47            <!-- <category android:name="android.intent.category.LAUNCHER" /> -->
48            <!-- </intent-filter> -->
49        </activity>
50        <activity
50-->[com.google.firebase:firebase-auth:20.0.1] AndroidManifest.xml:27:9-44:20
51            android:name="com.google.firebase.auth.internal.GenericIdpActivity"
51-->[com.google.firebase:firebase-auth:20.0.1] AndroidManifest.xml:28:13-80
52            android:excludeFromRecents="true"
52-->[com.google.firebase:firebase-auth:20.0.1] AndroidManifest.xml:29:13-46
53            android:exported="true"
53-->[com.google.firebase:firebase-auth:20.0.1] AndroidManifest.xml:30:13-36
54            android:launchMode="singleTask"
54-->[com.google.firebase:firebase-auth:20.0.1] AndroidManifest.xml:31:13-44
55            android:theme="@android:style/Theme.Translucent.NoTitleBar" >
55-->[com.google.firebase:firebase-auth:20.0.1] AndroidManifest.xml:32:13-72
56            <intent-filter>
56-->[com.google.firebase:firebase-auth:20.0.1] AndroidManifest.xml:33:13-43:29
57                <action android:name="android.intent.action.VIEW" />
57-->[com.google.firebase:firebase-auth:20.0.1] AndroidManifest.xml:34:17-69
57-->[com.google.firebase:firebase-auth:20.0.1] AndroidManifest.xml:34:25-66
58
59                <category android:name="android.intent.category.DEFAULT" />
59-->[com.google.firebase:firebase-auth:20.0.1] AndroidManifest.xml:36:17-76
59-->[com.google.firebase:firebase-auth:20.0.1] AndroidManifest.xml:36:27-73
60                <category android:name="android.intent.category.BROWSABLE" />
60-->[com.google.firebase:firebase-auth:20.0.1] AndroidManifest.xml:37:17-78
60-->[com.google.firebase:firebase-auth:20.0.1] AndroidManifest.xml:37:27-75
61
62                <data
62-->[com.google.firebase:firebase-auth:20.0.1] AndroidManifest.xml:39:17-42:51
63                    android:host="firebase.auth"
63-->[com.google.firebase:firebase-auth:20.0.1] AndroidManifest.xml:40:21-49
64                    android:path="/"
64-->[com.google.firebase:firebase-auth:20.0.1] AndroidManifest.xml:41:21-37
65                    android:scheme="genericidp" />
65-->[com.google.firebase:firebase-auth:20.0.1] AndroidManifest.xml:42:21-48
66            </intent-filter>
67        </activity>
68        <activity
68-->[com.google.firebase:firebase-auth:20.0.1] AndroidManifest.xml:45:9-62:20
69            android:name="com.google.firebase.auth.internal.RecaptchaActivity"
69-->[com.google.firebase:firebase-auth:20.0.1] AndroidManifest.xml:46:13-79
70            android:excludeFromRecents="true"
70-->[com.google.firebase:firebase-auth:20.0.1] AndroidManifest.xml:47:13-46
71            android:exported="true"
71-->[com.google.firebase:firebase-auth:20.0.1] AndroidManifest.xml:48:13-36
72            android:launchMode="singleTask"
72-->[com.google.firebase:firebase-auth:20.0.1] AndroidManifest.xml:49:13-44
73            android:theme="@android:style/Theme.Translucent.NoTitleBar" >
73-->[com.google.firebase:firebase-auth:20.0.1] AndroidManifest.xml:50:13-72
74            <intent-filter>
74-->[com.google.firebase:firebase-auth:20.0.1] AndroidManifest.xml:51:13-61:29
75                <action android:name="android.intent.action.VIEW" />
75-->[com.google.firebase:firebase-auth:20.0.1] AndroidManifest.xml:34:17-69
75-->[com.google.firebase:firebase-auth:20.0.1] AndroidManifest.xml:34:25-66
76
77                <category android:name="android.intent.category.DEFAULT" />
77-->[com.google.firebase:firebase-auth:20.0.1] AndroidManifest.xml:36:17-76
77-->[com.google.firebase:firebase-auth:20.0.1] AndroidManifest.xml:36:27-73
78                <category android:name="android.intent.category.BROWSABLE" />
78-->[com.google.firebase:firebase-auth:20.0.1] AndroidManifest.xml:37:17-78
78-->[com.google.firebase:firebase-auth:20.0.1] AndroidManifest.xml:37:27-75
79
80                <data
80-->[com.google.firebase:firebase-auth:20.0.1] AndroidManifest.xml:39:17-42:51
81                    android:host="firebase.auth"
81-->[com.google.firebase:firebase-auth:20.0.1] AndroidManifest.xml:40:21-49
82                    android:path="/"
82-->[com.google.firebase:firebase-auth:20.0.1] AndroidManifest.xml:41:21-37
83                    android:scheme="recaptcha" />
83-->[com.google.firebase:firebase-auth:20.0.1] AndroidManifest.xml:42:21-48
84            </intent-filter>
85        </activity>
86
87        <service
87-->[com.google.firebase:firebase-auth:20.0.1] AndroidManifest.xml:64:9-73:19
88            android:name="com.google.firebase.auth.api.fallback.service.FirebaseAuthFallbackService"
88-->[com.google.firebase:firebase-auth:20.0.1] AndroidManifest.xml:65:13-101
89            android:enabled="true"
89-->[com.google.firebase:firebase-auth:20.0.1] AndroidManifest.xml:66:13-35
90            android:exported="false" >
90-->[com.google.firebase:firebase-auth:20.0.1] AndroidManifest.xml:67:13-37
91            <intent-filter>
91-->[com.google.firebase:firebase-auth:20.0.1] AndroidManifest.xml:68:13-72:29
92                <action android:name="com.google.firebase.auth.api.gms.service.START" />
92-->[com.google.firebase:firebase-auth:20.0.1] AndroidManifest.xml:69:17-89
92-->[com.google.firebase:firebase-auth:20.0.1] AndroidManifest.xml:69:25-86
93
94                <category android:name="android.intent.category.DEFAULT" />
94-->[com.google.firebase:firebase-auth:20.0.1] AndroidManifest.xml:36:17-76
94-->[com.google.firebase:firebase-auth:20.0.1] AndroidManifest.xml:36:27-73
95            </intent-filter>
96        </service>
97        <service
97-->[com.google.firebase:firebase-auth:20.0.1] AndroidManifest.xml:74:9-80:19
98            android:name="com.google.firebase.components.ComponentDiscoveryService"
98-->[com.google.firebase:firebase-auth:20.0.1] AndroidManifest.xml:75:13-84
99            android:directBootAware="true"
99-->[com.google.firebase:firebase-common:19.4.0] AndroidManifest.xml:35:13-43
100            android:exported="false" >
100-->[com.google.firebase:firebase-auth:20.0.1] AndroidManifest.xml:76:13-37
101            <meta-data
101-->[com.google.firebase:firebase-auth:20.0.1] AndroidManifest.xml:77:13-79:85
102                android:name="com.google.firebase.components:com.google.firebase.auth.FirebaseAuthRegistrar"
102-->[com.google.firebase:firebase-auth:20.0.1] AndroidManifest.xml:78:17-109
103                android:value="com.google.firebase.components.ComponentRegistrar" />
103-->[com.google.firebase:firebase-auth:20.0.1] AndroidManifest.xml:79:17-82
104            <meta-data
104-->[com.google.firebase:firebase-database:19.3.0] AndroidManifest.xml:32:13-34:85
105                android:name="com.google.firebase.components:com.google.firebase.database.DatabaseRegistrar"
105-->[com.google.firebase:firebase-database:19.3.0] AndroidManifest.xml:33:17-109
106                android:value="com.google.firebase.components.ComponentRegistrar" />
106-->[com.google.firebase:firebase-database:19.3.0] AndroidManifest.xml:34:17-82
107        </service>
108
109        <activity
109-->[com.google.android.gms:play-services-base:17.1.0] AndroidManifest.xml:23:9-26:75
110            android:name="com.google.android.gms.common.api.GoogleApiActivity"
110-->[com.google.android.gms:play-services-base:17.1.0] AndroidManifest.xml:24:13-79
111            android:exported="false"
111-->[com.google.android.gms:play-services-base:17.1.0] AndroidManifest.xml:25:13-37
112            android:theme="@android:style/Theme.Translucent.NoTitleBar" />
112-->[com.google.android.gms:play-services-base:17.1.0] AndroidManifest.xml:26:13-72
113
114        <provider
114-->[com.google.firebase:firebase-common:19.4.0] AndroidManifest.xml:26:9-31:39
115            android:name="com.google.firebase.provider.FirebaseInitProvider"
115-->[com.google.firebase:firebase-common:19.4.0] AndroidManifest.xml:27:13-77
116            android:authorities="net.devx1.expensemanager.firebaseinitprovider"
116-->[com.google.firebase:firebase-common:19.4.0] AndroidManifest.xml:28:13-72
117            android:directBootAware="true"
117-->[com.google.firebase:firebase-common:19.4.0] AndroidManifest.xml:29:13-43
118            android:exported="false"
118-->[com.google.firebase:firebase-common:19.4.0] AndroidManifest.xml:30:13-37
119            android:initOrder="100" />
119-->[com.google.firebase:firebase-common:19.4.0] AndroidManifest.xml:31:13-36
120
121        <meta-data
121-->[com.google.android.gms:play-services-basement:17.1.0] AndroidManifest.xml:23:9-25:69
122            android:name="com.google.android.gms.version"
122-->[com.google.android.gms:play-services-basement:17.1.0] AndroidManifest.xml:24:13-58
123            android:value="@integer/google_play_services_version" />
123-->[com.google.android.gms:play-services-basement:17.1.0] AndroidManifest.xml:25:13-66
124    </application>
125
126</manifest>